<?xml version="1.0" encoding="UTF-8"?>
<!-- Generated by org.testng.reporters.JUnitReportReporter -->
<testsuite hostname="MRUTUNJAY" failures="0" tests="1" name="appium.appiumtest" time="48.060" errors="0" timestamp="2023-03-18T15:17:12 IST" skipped="0">
  <testcase classname="appium.appiumtest" name="sampleTest" time="48.060"/>
  <system-out/>
</testsuite> <!-- appium.appiumtest -->
