<?xml version="1.0" encoding="UTF-8"?>
<!-- Generated by org.testng.reporters.JUnitReportReporter -->
<testsuite hostname="MRUTUNJAY" failures="0" tests="2" name="com.testcase.HomePageValidationTestcase" time="30.897" errors="0" timestamp="2023-04-30T15:37:30 IST" skipped="0">
  <testcase classname="com.testcase.HomePageValidationTestcase" name="validateHomepage" time="5.024"/>
  <system-out/>
  <testcase classname="com.testcase.HomePageValidationTestcase" name="setDesiredCapabilities" time="25.873"/>
  <system-out/>
</testsuite> <!-- com.testcase.HomePageValidationTestcase -->
