<?xml version="1.0" encoding="UTF-8"?>
<!-- Generated by org.testng.reporters.JUnitReportReporter -->
<testsuite hostname="MRUTUNJAY" failures="0" tests="1" name="appium.appiumtest" time="0.012" errors="0" timestamp="2022-12-16T18:40:20 IST" skipped="0">
  <testcase classname="appium.appiumtest" name="sampleTest" time="0.012"/>
  <system-out/>
</testsuite> <!-- appium.appiumtest -->
