<?xml version="1.0" encoding="UTF-8"?>
<!-- Generated by org.testng.reporters.JUnitReportReporter -->
<testsuite hostname="MRUTUNJAY" failures="0" tests="4" name="com.testcase.AnimationTestCase" time="34.800" errors="0" timestamp="2023-04-30T15:37:30 IST" skipped="0">
  <testcase classname="com.testcase.AnimationTestCase" name="setDesiredCapabilities" time="19.608"/>
  <system-out/>
  <testcase classname="com.testcase.AnimationTestCase" name="validateBouncingBalls" time="7.970"/>
  <system-out/>
  <testcase classname="com.testcase.AnimationTestCase" name="validateCloning" time="3.494"/>
  <system-out/>
  <testcase classname="com.testcase.AnimationTestCase" name="validateCustomEvalator" time="3.728"/>
  <system-out/>
</testsuite> <!-- com.testcase.AnimationTestCase -->
