<?xml version="1.0" encoding="UTF-8"?>
<!-- Generated by org.testng.reporters.JUnitReportReporter -->
<testsuite hostname="MRUTUNJAY" failures="0" tests="1" name="appium.appiumtest" time="34.790" errors="0" timestamp="2023-05-02T14:53:30 IST" skipped="0">
  <testcase classname="appium.appiumtest" name="setUp" time="34.790"/>
  <system-out/>
</testsuite> <!-- appium.appiumtest -->
